     1                                  section .data ;сегмент инициализироанных переменных
     2 00000000 507265737320456E74-     ExitMsg db "Press Enter to Exit", 10 ;выводимое сообщение
     2 00000009 657220746F20457869-
     2 00000012 740A               
     3                                  lenExit equ $-ExitMsg
     4 00000014 E2FF                    A   DW -30
     5 00000016 1500                    B   DW 21
     6                                  section .bss ;сегмент неинициализированных переменных
     7 00000000 <res Ah>                InBuf resb 10 ; буфер для вводимой строки
     8                                  lenIn equ $-InBuf
     9 0000000A ????????                X resd 1 ;зарезервировать место
    10                                  section .text ;сегмент кода
    11                                  global _start
    12                                  _start:
    13                                  
    14                                  ;
    15 00000000 A1[14000000]            mov eax, [A] ;загрузим число в регистр eax
    16 00000005 83C005                  add eax, 5;сложим eax и 5, результат в eax
    17 00000008 2B05[16000000]          sub eax, [B];вычесть число B, результат в eax
    18 0000000E A3[0A000000]            mov [X], eax; сохраним результат в памяти
    19                                  ;write
    20                                  mov rax,1 ;системная функция 1(write)
    20          ******************       error: instruction not supported in 32-bit mode
    21                                  mov rdi, 1;дескрипторо файла stdout=1
    21          ******************       error: instruction not supported in 32-bit mode
    22                                  mov rsi, ExitMsg;адрес выводимой строки
    22          ******************       error: instruction not supported in 32-bit mode
    23                                  mov rdx, lenExit;длина строки
    23          ******************       error: instruction not supported in 32-bit mode
    24 00000013 0F05                    syscall;вызов системной функции
    25                                  ;read
    26                                  mov rax, 0;системная функция 0 (read)
    26          ******************       error: instruction not supported in 32-bit mode
    27                                  mov rdi, 0;дескриптор файла stdin=0
    27          ******************       error: instruction not supported in 32-bit mode
    28                                  mov rsi, InBuf;адрес вводимой строки
    28          ******************       error: instruction not supported in 32-bit mode
    29                                  mov rdx, lenIn; длина строки
    29          ******************       error: instruction not supported in 32-bit mode
    30 00000015 0F05                    syscall; вызов системной функции
    31                                  ;exit
    32                                  mov rax, 60;системная функция 60 (exit)
    32          ******************       error: instruction not supported in 32-bit mode
    33                                  xor rdi, rdi;return code 0
    33          ******************       error: instruction not supported in 32-bit mode
    34 00000017 0F05                    syscall;вызов системной функции
